# JRE version: OpenJDK Runtime Environment (17.0.11) (build 17.0.11+0--11852314)
# Java VM: OpenJDK 64-Bit Server VM (17.0.11+0--11852314, mixed mode, tiered, compressed oops, compressed class ptrs, g1 gc, windows-amd64)
GC Precious Log:
 CPUs: 8 total, 8 available
 Memory: 8101M
 Large Page Support: Disabled
 NUMA Support: Disabled
 Compressed Oops: Enabled (32-bit)
 Heap Region Size: 1M
 Heap Min Capacity: 8M
 Heap Initial Capacity: 128M
 Heap Max Capacity: 2G
 Pre-touch: Disabled
 Parallel Workers: 8
 Concurrent Workers: 2
 Concurrent Refinement Workers: 8
 Periodic GC: Disabled
Heap:
 garbage-first heap   total 331776K, used 225320K [0x0000000080000000, 0x0000000100000000)
  region size 1024K, 20 young (20480K), 6 survivors (6144K)
 Metaspace       used 183054K, committed 183936K, reserved 1245184K
  class space    used 23620K, committed 24064K, reserved 1048576K
GC Heap History (20 events):
Event: 40.891 GC heap before
{Heap before GC invocations=64 (full 0):
 garbage-first heap   total 331776K, used 275130K [0x0000000080000000, 0x0000000100000000)
  region size 1024K, 93 young (95232K), 8 survivors (8192K)
 Metaspace       used 165551K, committed 166400K, reserved 1245184K
  class space    used 21501K, committed 21888K, reserved 1048576K
}
Event: 40.897 GC heap after
{Heap after GC invocations=65 (full 0):
 garbage-first heap   total 331776K, used 191879K [0x0000000080000000, 0x0000000100000000)
  region size 1024K, 7 young (7168K), 7 survivors (7168K)
 Metaspace       used 165551K, committed 166400K, reserved 1245184K
  class space    used 21501K, committed 21888K, reserved 1048576K
}
Event: 41.439 GC heap before
{Heap before GC invocations=65 (full 0):
 garbage-first heap   total 331776K, used 275847K [0x0000000080000000, 0x0000000100000000)
  region size 1024K, 89 young (91136K), 7 survivors (7168K)
 Metaspace       used 165551K, committed 166400K, reserved 1245184K
  class space    used 21501K, committed 21888K, reserved 1048576K
}
Event: 41.445 GC heap after
{Heap after GC invocations=66 (full 0):
 garbage-first heap   total 331776K, used 195807K [0x0000000080000000, 0x0000000100000000)
  region size 1024K, 10 young (10240K), 10 survivors (10240K)
 Metaspace       used 165551K, committed 166400K, reserved 1245184K
  class space    used 21501K, committed 21888K, reserved 1048576K
}
Event: 56.856 GC heap before
{Heap before GC invocations=66 (full 0):
 garbage-first heap   total 331776K, used 284895K [0x0000000080000000, 0x0000000100000000)
  region size 1024K, 90 young (92160K), 10 survivors (10240K)
 Metaspace       used 165844K, committed 166784K, reserved 1245184K
  class space    used 21525K, committed 21952K, reserved 1048576K
}
Event: 56.863 GC heap after
{Heap after GC invocations=67 (full 0):
 garbage-first heap   total 331776K, used 199487K [0x0000000080000000, 0x0000000100000000)
  region size 1024K, 7 young (7168K), 7 survivors (7168K)
 Metaspace       used 165844K, committed 166784K, reserved 1245184K
  class space    used 21525K, committed 21952K, reserved 1048576K
}
Event: 58.080 GC heap before
{Heap before GC invocations=67 (full 0):
 garbage-first heap   total 331776K, used 278335K [0x0000000080000000, 0x0000000100000000)
  region size 1024K, 83 young (84992K), 7 survivors (7168K)
 Metaspace       used 172555K, committed 173504K, reserved 1245184K
  class space    used 22405K, committed 22848K, reserved 1048576K
}
Event: 58.088 GC heap after
{Heap after GC invocations=68 (full 0):
 garbage-first heap   total 331776K, used 202498K [0x0000000080000000, 0x0000000100000000)
  region size 1024K, 10 young (10240K), 10 survivors (10240K)
 Metaspace       used 172555K, committed 173504K, reserved 1245184K
  class space    used 22405K, committed 22848K, reserved 1048576K
}
Event: 58.758 GC heap before
{Heap before GC invocations=68 (full 0):
 garbage-first heap   total 331776K, used 280322K [0x0000000080000000, 0x0000000100000000)
  region size 1024K, 84 young (86016K), 10 survivors (10240K)
 Metaspace       used 178709K, committed 179648K, reserved 1245184K
  class space    used 23281K, committed 23744K, reserved 1048576K
}
Event: 58.767 GC heap after
{Heap after GC invocations=69 (full 0):
 garbage-first heap   total 331776K, used 209929K [0x0000000080000000, 0x0000000100000000)
  region size 1024K, 10 young (10240K), 10 survivors (10240K)
 Metaspace       used 178709K, committed 179648K, reserved 1245184K
  class space    used 23281K, committed 23744K, reserved 1048576K
}
Event: 59.050 GC heap before
{Heap before GC invocations=69 (full 0):
 garbage-first heap   total 331776K, used 280585K [0x0000000080000000, 0x0000000100000000)
  region size 1024K, 79 young (80896K), 10 survivors (10240K)
 Metaspace       used 179027K, committed 179968K, reserved 1245184K
  class space    used 23298K, committed 23744K, reserved 1048576K
}
Event: 59.056 GC heap after
{Heap after GC invocations=70 (full 0):
 garbage-first heap   total 331776K, used 210473K [0x0000000080000000, 0x0000000100000000)
  region size 1024K, 6 young (6144K), 6 survivors (6144K)
 Metaspace       used 179027K, committed 179968K, reserved 1245184K
  class space    used 23298K, committed 23744K, reserved 1048576K
}
Event: 59.345 GC heap before
{Heap before GC invocations=70 (full 0):
 garbage-first heap   total 331776K, used 284201K [0x0000000080000000, 0x0000000100000000)
  region size 1024K, 78 young (79872K), 6 survivors (6144K)
 Metaspace       used 179030K, committed 180032K, reserved 1245184K
  class space    used 23298K, committed 23744K, reserved 1048576K
}
Event: 59.349 GC heap after
{Heap after GC invocations=71 (full 0):
 garbage-first heap   total 331776K, used 210489K [0x0000000080000000, 0x0000000100000000)
  region size 1024K, 6 young (6144K), 6 survivors (6144K)
 Metaspace       used 179030K, committed 180032K, reserved 1245184K
  class space    used 23298K, committed 23744K, reserved 1048576K
}
Event: 59.593 GC heap before
{Heap before GC invocations=71 (full 0):
 garbage-first heap   total 331776K, used 286265K [0x0000000080000000, 0x0000000100000000)
  region size 1024K, 80 young (81920K), 6 survivors (6144K)
 Metaspace       used 179047K, committed 180032K, reserved 1245184K
  class space    used 23299K, committed 23744K, reserved 1048576K
}
Event: 59.597 GC heap after
{Heap after GC invocations=72 (full 0):
 garbage-first heap   total 331776K, used 211115K [0x0000000080000000, 0x0000000100000000)
  region size 1024K, 2 young (2048K), 2 survivors (2048K)
 Metaspace       used 179047K, committed 180032K, reserved 1245184K
  class space    used 23299K, committed 23744K, reserved 1048576K
}
Event: 63.135 GC heap before
{Heap before GC invocations=72 (full 0):
 garbage-first heap   total 331776K, used 293035K [0x0000000080000000, 0x0000000100000000)
  region size 1024K, 77 young (78848K), 2 survivors (2048K)
 Metaspace       used 182481K, committed 183424K, reserved 1245184K
  class space    used 23582K, committed 24000K, reserved 1048576K
}
Event: 63.143 GC heap after
{Heap after GC invocations=73 (full 0):
 garbage-first heap   total 331776K, used 210431K [0x0000000080000000, 0x0000000100000000)
  region size 1024K, 3 young (3072K), 3 survivors (3072K)
 Metaspace       used 182481K, committed 183424K, reserved 1245184K
  class space    used 23582K, committed 24000K, reserved 1048576K
}
Event: 67.889 GC heap before
{Heap before GC invocations=73 (full 0):
 garbage-first heap   total 331776K, used 287231K [0x0000000080000000, 0x0000000100000000)
  region size 1024K, 80 young (81920K), 3 survivors (3072K)
 Metaspace       used 183009K, committed 183936K, reserved 1245184K
  class space    used 23619K, committed 24064K, reserved 1048576K
}
Event: 67.894 GC heap after
{Heap after GC invocations=74 (full 0):
 garbage-first heap   total 331776K, used 213032K [0x0000000080000000, 0x0000000100000000)
  region size 1024K, 6 young (6144K), 6 survivors (6144K)
 Metaspace       used 183009K, committed 183936K, reserved 1245184K
  class space    used 23619K, committed 24064K, reserved 1048576K
}

