# JRE version: OpenJDK Runtime Environment (17.0.11) (build 17.0.11+0--11852314)
# Java VM: OpenJDK 64-Bit Server VM (17.0.11+0--11852314, mixed mode, tiered, compressed oops, compressed class ptrs, g1 gc, windows-amd64)
GC Precious Log:
 CPUs: 8 total, 8 available
 Memory: 8101M
 Large Page Support: Disabled
 NUMA Support: Disabled
 Compressed Oops: Enabled (32-bit)
 Heap Region Size: 1M
 Heap Min Capacity: 8M
 Heap Initial Capacity: 128M
 Heap Max Capacity: 2G
 Pre-touch: Disabled
 Parallel Workers: 8
 Concurrent Workers: 2
 Concurrent Refinement Workers: 8
 Periodic GC: Disabled
Heap:
 garbage-first heap   total 494592K, used 216191K [0x0000000080000000, 0x0000000100000000)
  region size 1024K, 16 young (16384K), 16 survivors (16384K)
 Metaspace       used 123722K, committed 124608K, reserved 1179648K
  class space    used 16977K, committed 17408K, reserved 1048576K
GC Heap History (20 events):
Event: 32.220 GC heap after
{Heap after GC invocations=64 (full 0):
 garbage-first heap   total 494592K, used 187477K [0x0000000080000000, 0x0000000100000000)
  region size 1024K, 8 young (8192K), 8 survivors (8192K)
 Metaspace       used 123370K, committed 124224K, reserved 1179648K
  class space    used 16955K, committed 17344K, reserved 1048576K
}
Event: 32.947 GC heap before
{Heap before GC invocations=64 (full 0):
 garbage-first heap   total 494592K, used 433237K [0x0000000080000000, 0x0000000100000000)
  region size 1024K, 248 young (253952K), 8 survivors (8192K)
 Metaspace       used 123464K, committed 124352K, reserved 1179648K
  class space    used 16963K, committed 17408K, reserved 1048576K
}
Event: 32.969 GC heap after
{Heap after GC invocations=65 (full 0):
 garbage-first heap   total 494592K, used 197892K [0x0000000080000000, 0x0000000100000000)
  region size 1024K, 19 young (19456K), 19 survivors (19456K)
 Metaspace       used 123464K, committed 124352K, reserved 1179648K
  class space    used 16963K, committed 17408K, reserved 1048576K
}
Event: 33.528 GC heap before
{Heap before GC invocations=65 (full 0):
 garbage-first heap   total 494592K, used 422148K [0x0000000080000000, 0x0000000100000000)
  region size 1024K, 239 young (244736K), 19 survivors (19456K)
 Metaspace       used 123486K, committed 124352K, reserved 1179648K
  class space    used 16964K, committed 17408K, reserved 1048576K
}
Event: 33.554 GC heap after
{Heap after GC invocations=66 (full 0):
 garbage-first heap   total 494592K, used 198612K [0x0000000080000000, 0x0000000100000000)
  region size 1024K, 16 young (16384K), 16 survivors (16384K)
 Metaspace       used 123486K, committed 124352K, reserved 1179648K
  class space    used 16964K, committed 17408K, reserved 1048576K
}
Event: 34.089 GC heap before
{Heap before GC invocations=66 (full 0):
 garbage-first heap   total 494592K, used 425940K [0x0000000080000000, 0x0000000100000000)
  region size 1024K, 238 young (243712K), 16 survivors (16384K)
 Metaspace       used 123573K, committed 124416K, reserved 1179648K
  class space    used 16975K, committed 17408K, reserved 1048576K
}
Event: 34.105 GC heap after
{Heap after GC invocations=67 (full 0):
 garbage-first heap   total 494592K, used 198600K [0x0000000080000000, 0x0000000100000000)
  region size 1024K, 16 young (16384K), 16 survivors (16384K)
 Metaspace       used 123573K, committed 124416K, reserved 1179648K
  class space    used 16975K, committed 17408K, reserved 1048576K
}
Event: 34.711 GC heap before
{Heap before GC invocations=67 (full 0):
 garbage-first heap   total 494592K, used 426952K [0x0000000080000000, 0x0000000100000000)
  region size 1024K, 239 young (244736K), 16 survivors (16384K)
 Metaspace       used 123600K, committed 124480K, reserved 1179648K
  class space    used 16975K, committed 17408K, reserved 1048576K
}
Event: 34.730 GC heap after
{Heap after GC invocations=68 (full 0):
 garbage-first heap   total 494592K, used 202314K [0x0000000080000000, 0x0000000100000000)
  region size 1024K, 20 young (20480K), 20 survivors (20480K)
 Metaspace       used 123600K, committed 124480K, reserved 1179648K
  class space    used 16975K, committed 17408K, reserved 1048576K
}
Event: 35.209 GC heap before
{Heap before GC invocations=68 (full 0):
 garbage-first heap   total 494592K, used 422474K [0x0000000080000000, 0x0000000100000000)
  region size 1024K, 235 young (240640K), 20 survivors (20480K)
 Metaspace       used 123621K, committed 124480K, reserved 1179648K
  class space    used 16976K, committed 17408K, reserved 1048576K
}
Event: 35.250 GC heap after
{Heap after GC invocations=69 (full 0):
 garbage-first heap   total 494592K, used 210410K [0x0000000080000000, 0x0000000100000000)
  region size 1024K, 20 young (20480K), 20 survivors (20480K)
 Metaspace       used 123621K, committed 124480K, reserved 1179648K
  class space    used 16976K, committed 17408K, reserved 1048576K
}
Event: 35.713 GC heap before
{Heap before GC invocations=69 (full 0):
 garbage-first heap   total 494592K, used 422378K [0x0000000080000000, 0x0000000100000000)
  region size 1024K, 227 young (232448K), 20 survivors (20480K)
 Metaspace       used 123650K, committed 124544K, reserved 1179648K
  class space    used 16976K, committed 17408K, reserved 1048576K
}
Event: 35.768 GC heap after
{Heap after GC invocations=70 (full 0):
 garbage-first heap   total 494592K, used 213470K [0x0000000080000000, 0x0000000100000000)
  region size 1024K, 13 young (13312K), 13 survivors (13312K)
 Metaspace       used 123650K, committed 124544K, reserved 1179648K
  class space    used 16976K, committed 17408K, reserved 1048576K
}
Event: 36.307 GC heap before
{Heap before GC invocations=70 (full 0):
 garbage-first heap   total 494592K, used 426462K [0x0000000080000000, 0x0000000100000000)
  region size 1024K, 220 young (225280K), 13 survivors (13312K)
 Metaspace       used 123663K, committed 124544K, reserved 1179648K
  class space    used 16976K, committed 17408K, reserved 1048576K
}
Event: 36.327 GC heap after
{Heap after GC invocations=71 (full 0):
 garbage-first heap   total 494592K, used 213470K [0x0000000080000000, 0x0000000100000000)
  region size 1024K, 13 young (13312K), 13 survivors (13312K)
 Metaspace       used 123663K, committed 124544K, reserved 1179648K
  class space    used 16976K, committed 17408K, reserved 1048576K
}
Event: 36.840 GC heap before
{Heap before GC invocations=71 (full 0):
 garbage-first heap   total 494592K, used 428510K [0x0000000080000000, 0x0000000100000000)
  region size 1024K, 223 young (228352K), 13 survivors (13312K)
 Metaspace       used 123671K, committed 124544K, reserved 1179648K
  class space    used 16977K, committed 17408K, reserved 1048576K
}
Event: 36.857 GC heap after
{Heap after GC invocations=72 (full 0):
 garbage-first heap   total 494592K, used 214395K [0x0000000080000000, 0x0000000100000000)
  region size 1024K, 14 young (14336K), 14 survivors (14336K)
 Metaspace       used 123671K, committed 124544K, reserved 1179648K
  class space    used 16977K, committed 17408K, reserved 1048576K
}
Event: 37.372 GC heap before
{Heap before GC invocations=72 (full 0):
 garbage-first heap   total 494592K, used 429435K [0x0000000080000000, 0x0000000100000000)
  region size 1024K, 224 young (229376K), 14 survivors (14336K)
 Metaspace       used 123693K, committed 124544K, reserved 1179648K
  class space    used 16977K, committed 17408K, reserved 1048576K
}
Event: 37.396 GC heap after
{Heap after GC invocations=73 (full 0):
 garbage-first heap   total 494592K, used 214810K [0x0000000080000000, 0x0000000100000000)
  region size 1024K, 15 young (15360K), 15 survivors (15360K)
 Metaspace       used 123693K, committed 124544K, reserved 1179648K
  class space    used 16977K, committed 17408K, reserved 1048576K
}
Event: 37.884 GC heap before
{Heap before GC invocations=73 (full 0):
 garbage-first heap   total 494592K, used 427802K [0x0000000080000000, 0x0000000100000000)
  region size 1024K, 223 young (228352K), 15 survivors (15360K)
 Metaspace       used 123722K, committed 124608K, reserved 1179648K
  class space    used 16977K, committed 17408K, reserved 1048576K
}

