# JRE version: OpenJDK Runtime Environment (17.0.11) (build 17.0.11+0--11852314)
# Java VM: OpenJDK 64-Bit Server VM (17.0.11+0--11852314, mixed mode, tiered, compressed oops, compressed class ptrs, g1 gc, windows-amd64)
GC Precious Log:
 CPUs: 8 total, 8 available
 Memory: 8101M
 Large Page Support: Disabled
 NUMA Support: Disabled
 Compressed Oops: Enabled (32-bit)
 Heap Region Size: 1M
 Heap Min Capacity: 8M
 Heap Initial Capacity: 128M
 Heap Max Capacity: 2G
 Pre-touch: Disabled
 Parallel Workers: 8
 Concurrent Workers: 2
 Concurrent Refinement Workers: 8
 Periodic GC: Disabled
Heap:
 garbage-first heap   total 444416K, used 212906K [0x0000000080000000, 0x0000000100000000)
  region size 1024K, 9 young (9216K), 9 survivors (9216K)
 Metaspace       used 134729K, committed 135680K, reserved 1179648K
  class space    used 18508K, committed 18944K, reserved 1048576K
GC Heap History (20 events):
Event: 37.598 GC heap after
{Heap after GC invocations=54 (full 0):
 garbage-first heap   total 234496K, used 175407K [0x0000000080000000, 0x0000000100000000)
  region size 1024K, 5 young (5120K), 5 survivors (5120K)
 Metaspace       used 123212K, committed 124032K, reserved 1179648K
  class space    used 16716K, committed 17152K, reserved 1048576K
}
Event: 37.670 GC heap before
{Heap before GC invocations=54 (full 0):
 garbage-first heap   total 234496K, used 198959K [0x0000000080000000, 0x0000000100000000)
  region size 1024K, 29 young (29696K), 5 survivors (5120K)
 Metaspace       used 123676K, committed 124544K, reserved 1179648K
  class space    used 16771K, committed 17216K, reserved 1048576K
}
Event: 37.680 GC heap after
{Heap after GC invocations=55 (full 0):
 garbage-first heap   total 444416K, used 179456K [0x0000000080000000, 0x0000000100000000)
  region size 1024K, 4 young (4096K), 4 survivors (4096K)
 Metaspace       used 123676K, committed 124544K, reserved 1179648K
  class space    used 16771K, committed 17216K, reserved 1048576K
}
Event: 38.387 GC heap before
{Heap before GC invocations=55 (full 0):
 garbage-first heap   total 444416K, used 338176K [0x0000000080000000, 0x0000000100000000)
  region size 1024K, 160 young (163840K), 4 survivors (4096K)
 Metaspace       used 128896K, committed 129792K, reserved 1179648K
  class space    used 17736K, committed 18176K, reserved 1048576K
}
Event: 38.418 GC heap after
{Heap after GC invocations=56 (full 0):
 garbage-first heap   total 444416K, used 203343K [0x0000000080000000, 0x0000000100000000)
  region size 1024K, 20 young (20480K), 20 survivors (20480K)
 Metaspace       used 128896K, committed 129792K, reserved 1179648K
  class space    used 17736K, committed 18176K, reserved 1048576K
}
Event: 38.900 GC heap before
{Heap before GC invocations=56 (full 0):
 garbage-first heap   total 444416K, used 339535K [0x0000000080000000, 0x0000000100000000)
  region size 1024K, 153 young (156672K), 20 survivors (20480K)
 Metaspace       used 131135K, committed 131968K, reserved 1179648K
  class space    used 18083K, committed 18496K, reserved 1048576K
}
Event: 38.917 GC heap after
{Heap after GC invocations=57 (full 0):
 garbage-first heap   total 444416K, used 207011K [0x0000000080000000, 0x0000000100000000)
  region size 1024K, 3 young (3072K), 3 survivors (3072K)
 Metaspace       used 131135K, committed 131968K, reserved 1179648K
  class space    used 18083K, committed 18496K, reserved 1048576K
}
Event: 39.246 GC heap before
{Heap before GC invocations=57 (full 0):
 garbage-first heap   total 444416K, used 349347K [0x0000000080000000, 0x0000000100000000)
  region size 1024K, 143 young (146432K), 3 survivors (3072K)
 Metaspace       used 131327K, committed 132160K, reserved 1179648K
  class space    used 18097K, committed 18496K, reserved 1048576K
}
Event: 39.251 GC heap after
{Heap after GC invocations=58 (full 0):
 garbage-first heap   total 444416K, used 206741K [0x0000000080000000, 0x0000000100000000)
  region size 1024K, 3 young (3072K), 3 survivors (3072K)
 Metaspace       used 131327K, committed 132160K, reserved 1179648K
  class space    used 18097K, committed 18496K, reserved 1048576K
}
Event: 39.663 GC heap before
{Heap before GC invocations=58 (full 0):
 garbage-first heap   total 444416K, used 359317K [0x0000000080000000, 0x0000000100000000)
  region size 1024K, 152 young (155648K), 3 survivors (3072K)
 Metaspace       used 132450K, committed 133312K, reserved 1179648K
  class space    used 18219K, committed 18624K, reserved 1048576K
}
Event: 39.669 GC heap after
{Heap after GC invocations=59 (full 0):
 garbage-first heap   total 444416K, used 206950K [0x0000000080000000, 0x0000000100000000)
  region size 1024K, 3 young (3072K), 3 survivors (3072K)
 Metaspace       used 132450K, committed 133312K, reserved 1179648K
  class space    used 18219K, committed 18624K, reserved 1048576K
}
Event: 40.050 GC heap before
{Heap before GC invocations=59 (full 0):
 garbage-first heap   total 444416K, used 365670K [0x0000000080000000, 0x0000000100000000)
  region size 1024K, 159 young (162816K), 3 survivors (3072K)
 Metaspace       used 133559K, committed 134400K, reserved 1179648K
  class space    used 18409K, committed 18816K, reserved 1048576K
}
Event: 40.056 GC heap after
{Heap after GC invocations=60 (full 0):
 garbage-first heap   total 444416K, used 207445K [0x0000000080000000, 0x0000000100000000)
  region size 1024K, 4 young (4096K), 4 survivors (4096K)
 Metaspace       used 133559K, committed 134400K, reserved 1179648K
  class space    used 18409K, committed 18816K, reserved 1048576K
}
Event: 40.428 GC heap before
{Heap before GC invocations=60 (full 0):
 garbage-first heap   total 444416K, used 370261K [0x0000000080000000, 0x0000000100000000)
  region size 1024K, 164 young (167936K), 4 survivors (4096K)
 Metaspace       used 134000K, committed 134912K, reserved 1179648K
  class space    used 18498K, committed 18944K, reserved 1048576K
}
Event: 40.438 GC heap after
{Heap after GC invocations=61 (full 0):
 garbage-first heap   total 444416K, used 211261K [0x0000000080000000, 0x0000000100000000)
  region size 1024K, 8 young (8192K), 8 survivors (8192K)
 Metaspace       used 134000K, committed 134912K, reserved 1179648K
  class space    used 18498K, committed 18944K, reserved 1048576K
}
Event: 40.706 GC heap before
{Heap before GC invocations=61 (full 0):
 garbage-first heap   total 444416K, used 374077K [0x0000000080000000, 0x0000000100000000)
  region size 1024K, 167 young (171008K), 8 survivors (8192K)
 Metaspace       used 134109K, committed 134976K, reserved 1179648K
  class space    used 18507K, committed 18944K, reserved 1048576K
}
Event: 40.715 GC heap after
{Heap after GC invocations=62 (full 0):
 garbage-first heap   total 444416K, used 212579K [0x0000000080000000, 0x0000000100000000)
  region size 1024K, 9 young (9216K), 9 survivors (9216K)
 Metaspace       used 134109K, committed 134976K, reserved 1179648K
  class space    used 18507K, committed 18944K, reserved 1048576K
}
Event: 40.953 GC heap before
{Heap before GC invocations=62 (full 0):
 garbage-first heap   total 444416K, used 378467K [0x0000000080000000, 0x0000000100000000)
  region size 1024K, 171 young (175104K), 9 survivors (9216K)
 Metaspace       used 134448K, committed 135296K, reserved 1179648K
  class space    used 18508K, committed 18944K, reserved 1048576K
}
Event: 40.968 GC heap after
{Heap after GC invocations=63 (full 0):
 garbage-first heap   total 444416K, used 212131K [0x0000000080000000, 0x0000000100000000)
  region size 1024K, 8 young (8192K), 8 survivors (8192K)
 Metaspace       used 134448K, committed 135296K, reserved 1179648K
  class space    used 18508K, committed 18944K, reserved 1048576K
}
Event: 41.386 GC heap before
{Heap before GC invocations=63 (full 0):
 garbage-first heap   total 444416K, used 382115K [0x0000000080000000, 0x0000000100000000)
  region size 1024K, 174 young (178176K), 8 survivors (8192K)
 Metaspace       used 134729K, committed 135680K, reserved 1179648K
  class space    used 18508K, committed 18944K, reserved 1048576K
}

