# JRE version: OpenJDK Runtime Environment (17.0.11) (build 17.0.11+0--11852314)
# Java VM: OpenJDK 64-Bit Server VM (17.0.11+0--11852314, mixed mode, tiered, compressed oops, compressed class ptrs, g1 gc, windows-amd64)
GC Precious Log:
 CPUs: 8 total, 8 available
 Memory: 8101M
 Large Page Support: Disabled
 NUMA Support: Disabled
 Compressed Oops: Enabled (32-bit)
 Heap Region Size: 1M
 Heap Min Capacity: 8M
 Heap Initial Capacity: 128M
 Heap Max Capacity: 2G
 Pre-touch: Disabled
 Parallel Workers: 8
 Concurrent Workers: 2
 Concurrent Refinement Workers: 8
 Periodic GC: Disabled
Heap:
 garbage-first heap   total 358400K, used 249305K [0x0000000080000000, 0x0000000100000000)
  region size 1024K, 79 young (80896K), 17 survivors (17408K)
 Metaspace       used 118626K, committed 119488K, reserved 1179648K
  class space    used 16209K, committed 16640K, reserved 1048576K
GC Heap History (20 events):
Event: 8.935 GC heap before
{Heap before GC invocations=29 (full 0):
 garbage-first heap   total 215040K, used 160791K [0x0000000080000000, 0x0000000100000000)
  region size 1024K, 93 young (95232K), 1 survivors (1024K)
 Metaspace       used 86485K, committed 87232K, reserved 1179648K
  class space    used 12039K, committed 12416K, reserved 1048576K
}
Event: 8.940 GC heap after
{Heap after GC invocations=30 (full 0):
 garbage-first heap   total 215040K, used 70470K [0x0000000080000000, 0x0000000100000000)
  region size 1024K, 5 young (5120K), 5 survivors (5120K)
 Metaspace       used 86485K, committed 87232K, reserved 1179648K
  class space    used 12039K, committed 12416K, reserved 1048576K
}
Event: 10.209 GC heap before
{Heap before GC invocations=30 (full 0):
 garbage-first heap   total 215040K, used 169798K [0x0000000080000000, 0x0000000100000000)
  region size 1024K, 98 young (100352K), 5 survivors (5120K)
 Metaspace       used 94897K, committed 95616K, reserved 1179648K
  class space    used 13263K, committed 13632K, reserved 1048576K
}
Event: 10.218 GC heap after
{Heap after GC invocations=31 (full 0):
 garbage-first heap   total 215040K, used 76170K [0x0000000080000000, 0x0000000100000000)
  region size 1024K, 11 young (11264K), 11 survivors (11264K)
 Metaspace       used 94897K, committed 95616K, reserved 1179648K
  class space    used 13263K, committed 13632K, reserved 1048576K
}
Event: 11.502 GC heap before
{Heap before GC invocations=31 (full 0):
 garbage-first heap   total 215040K, used 168330K [0x0000000080000000, 0x0000000100000000)
  region size 1024K, 102 young (104448K), 11 survivors (11264K)
 Metaspace       used 97786K, committed 98624K, reserved 1179648K
  class space    used 13562K, committed 14016K, reserved 1048576K
}
Event: 11.514 GC heap after
{Heap after GC invocations=32 (full 0):
 garbage-first heap   total 215040K, used 86611K [0x0000000080000000, 0x0000000100000000)
  region size 1024K, 13 young (13312K), 13 survivors (13312K)
 Metaspace       used 97786K, committed 98624K, reserved 1179648K
  class space    used 13562K, committed 14016K, reserved 1048576K
}
Event: 13.678 GC heap before
{Heap before GC invocations=32 (full 0):
 garbage-first heap   total 215040K, used 183891K [0x0000000080000000, 0x0000000100000000)
  region size 1024K, 92 young (94208K), 13 survivors (13312K)
 Metaspace       used 98586K, committed 99392K, reserved 1179648K
  class space    used 13622K, committed 14016K, reserved 1048576K
}
Event: 13.721 GC heap after
{Heap after GC invocations=33 (full 0):
 garbage-first heap   total 221184K, used 110515K [0x0000000080000000, 0x0000000100000000)
  region size 1024K, 12 young (12288K), 12 survivors (12288K)
 Metaspace       used 98586K, committed 99392K, reserved 1179648K
  class space    used 13622K, committed 14016K, reserved 1048576K
}
Event: 14.480 GC heap before
{Heap before GC invocations=33 (full 0):
 garbage-first heap   total 221184K, used 188339K [0x0000000080000000, 0x0000000100000000)
  region size 1024K, 72 young (73728K), 12 survivors (12288K)
 Metaspace       used 100991K, committed 101824K, reserved 1179648K
  class space    used 13826K, committed 14208K, reserved 1048576K
}
Event: 14.497 GC heap after
{Heap after GC invocations=34 (full 0):
 garbage-first heap   total 221184K, used 120030K [0x0000000080000000, 0x0000000100000000)
  region size 1024K, 8 young (8192K), 8 survivors (8192K)
 Metaspace       used 100991K, committed 101824K, reserved 1179648K
  class space    used 13826K, committed 14208K, reserved 1048576K
}
Event: 14.908 GC heap before
{Heap before GC invocations=34 (full 0):
 garbage-first heap   total 221184K, used 175326K [0x0000000080000000, 0x0000000100000000)
  region size 1024K, 63 young (64512K), 8 survivors (8192K)
 Metaspace       used 102503K, committed 103296K, reserved 1179648K
  class space    used 13971K, committed 14336K, reserved 1048576K
}
Event: 14.917 GC heap after
{Heap after GC invocations=35 (full 0):
 garbage-first heap   total 221184K, used 123821K [0x0000000080000000, 0x0000000100000000)
  region size 1024K, 4 young (4096K), 4 survivors (4096K)
 Metaspace       used 102503K, committed 103296K, reserved 1179648K
  class space    used 13971K, committed 14336K, reserved 1048576K
}
Event: 15.342 GC heap before
{Heap before GC invocations=35 (full 0):
 garbage-first heap   total 221184K, used 178093K [0x0000000080000000, 0x0000000100000000)
  region size 1024K, 58 young (59392K), 4 survivors (4096K)
 Metaspace       used 103761K, committed 104512K, reserved 1179648K
  class space    used 14095K, committed 14464K, reserved 1048576K
}
Event: 15.359 GC heap after
{Heap after GC invocations=36 (full 0):
 garbage-first heap   total 358400K, used 129487K [0x0000000080000000, 0x0000000100000000)
  region size 1024K, 8 young (8192K), 8 survivors (8192K)
 Metaspace       used 103761K, committed 104512K, reserved 1179648K
  class space    used 14095K, committed 14464K, reserved 1048576K
}
Event: 18.067 GC heap before
{Heap before GC invocations=36 (full 0):
 garbage-first heap   total 358400K, used 274895K [0x0000000080000000, 0x0000000100000000)
  region size 1024K, 151 young (154624K), 8 survivors (8192K)
 Metaspace       used 107639K, committed 108480K, reserved 1179648K
  class space    used 14567K, committed 14976K, reserved 1048576K
}
Event: 18.087 GC heap after
{Heap after GC invocations=37 (full 0):
 garbage-first heap   total 358400K, used 135501K [0x0000000080000000, 0x0000000100000000)
  region size 1024K, 14 young (14336K), 14 survivors (14336K)
 Metaspace       used 107639K, committed 108480K, reserved 1179648K
  class space    used 14567K, committed 14976K, reserved 1048576K
}
Event: 19.773 GC heap before
{Heap before GC invocations=37 (full 0):
 garbage-first heap   total 358400K, used 285005K [0x0000000080000000, 0x0000000100000000)
  region size 1024K, 159 young (162816K), 14 survivors (14336K)
 Metaspace       used 111956K, committed 112768K, reserved 1179648K
  class space    used 15204K, committed 15616K, reserved 1048576K
}
Event: 19.793 GC heap after
{Heap after GC invocations=38 (full 0):
 garbage-first heap   total 358400K, used 146905K [0x0000000080000000, 0x0000000100000000)
  region size 1024K, 20 young (20480K), 20 survivors (20480K)
 Metaspace       used 111956K, committed 112768K, reserved 1179648K
  class space    used 15204K, committed 15616K, reserved 1048576K
}
Event: 21.692 GC heap before
{Heap before GC invocations=38 (full 0):
 garbage-first heap   total 358400K, used 283097K [0x0000000080000000, 0x0000000100000000)
  region size 1024K, 154 young (157696K), 20 survivors (20480K)
 Metaspace       used 115571K, committed 116416K, reserved 1179648K
  class space    used 15729K, committed 16128K, reserved 1048576K
}
Event: 21.738 GC heap after
{Heap after GC invocations=39 (full 0):
 garbage-first heap   total 358400K, used 169629K [0x0000000080000000, 0x0000000100000000)
  region size 1024K, 20 young (20480K), 20 survivors (20480K)
 Metaspace       used 115571K, committed 116416K, reserved 1179648K
  class space    used 15729K, committed 16128K, reserved 1048576K
}

