# JRE version: OpenJDK Runtime Environment (17.0.11) (build 17.0.11+0--11852314)
# Java VM: OpenJDK 64-Bit Server VM (17.0.11+0--11852314, mixed mode, tiered, compressed oops, compressed class ptrs, g1 gc, windows-amd64)
GC Precious Log:
 CPUs: 8 total, 8 available
 Memory: 8101M
 Large Page Support: Disabled
 NUMA Support: Disabled
 Compressed Oops: Enabled (32-bit)
 Heap Region Size: 1M
 Heap Min Capacity: 8M
 Heap Initial Capacity: 128M
 Heap Max Capacity: 2G
 Pre-touch: Disabled
 Parallel Workers: 8
 Concurrent Workers: 2
 Concurrent Refinement Workers: 8
 Periodic GC: Disabled
Heap:
 garbage-first heap   total 319488K, used 158109K [0x0000000080000000, 0x0000000100000000)
  region size 1024K, 3 young (3072K), 3 survivors (3072K)
 Metaspace       used 114543K, committed 115328K, reserved 1179648K
  class space    used 16248K, committed 16640K, reserved 1048576K
GC Heap History (20 events):
Event: 18.239 GC heap after
{Heap after GC invocations=36 (full 0):
 garbage-first heap   total 205824K, used 88390K [0x0000000080000000, 0x0000000100000000)
  region size 1024K, 8 young (8192K), 8 survivors (8192K)
 Metaspace       used 96245K, committed 97024K, reserved 1179648K
  class space    used 13364K, committed 13760K, reserved 1048576K
}
Event: 18.991 GC heap before
{Heap before GC invocations=36 (full 0):
 garbage-first heap   total 205824K, used 164166K [0x0000000080000000, 0x0000000100000000)
  region size 1024K, 83 young (84992K), 8 survivors (8192K)
 Metaspace       used 98825K, committed 99584K, reserved 1179648K
  class space    used 13743K, committed 14080K, reserved 1048576K
}
Event: 19.003 GC heap after
{Heap after GC invocations=37 (full 0):
 garbage-first heap   total 205824K, used 98086K [0x0000000080000000, 0x0000000100000000)
  region size 1024K, 11 young (11264K), 11 survivors (11264K)
 Metaspace       used 98825K, committed 99584K, reserved 1179648K
  class space    used 13743K, committed 14080K, reserved 1048576K
}
Event: 19.600 GC heap before
{Heap before GC invocations=37 (full 0):
 garbage-first heap   total 205824K, used 162598K [0x0000000080000000, 0x0000000100000000)
  region size 1024K, 75 young (76800K), 11 survivors (11264K)
 Metaspace       used 102339K, committed 103104K, reserved 1179648K
  class space    used 14269K, committed 14656K, reserved 1048576K
}
Event: 19.619 GC heap after
{Heap after GC invocations=38 (full 0):
 garbage-first heap   total 205824K, used 108006K [0x0000000080000000, 0x0000000100000000)
  region size 1024K, 10 young (10240K), 10 survivors (10240K)
 Metaspace       used 102339K, committed 103104K, reserved 1179648K
  class space    used 14269K, committed 14656K, reserved 1048576K
}
Event: 19.981 GC heap before
{Heap before GC invocations=38 (full 0):
 garbage-first heap   total 205824K, used 163302K [0x0000000080000000, 0x0000000100000000)
  region size 1024K, 65 young (66560K), 10 survivors (10240K)
 Metaspace       used 104534K, committed 105280K, reserved 1179648K
  class space    used 14650K, committed 15040K, reserved 1048576K
}
Event: 20.010 GC heap after
{Heap after GC invocations=39 (full 0):
 garbage-first heap   total 205824K, used 116958K [0x0000000080000000, 0x0000000100000000)
  region size 1024K, 9 young (9216K), 9 survivors (9216K)
 Metaspace       used 104534K, committed 105280K, reserved 1179648K
  class space    used 14650K, committed 15040K, reserved 1048576K
}
Event: 20.179 GC heap before
{Heap before GC invocations=39 (full 0):
 garbage-first heap   total 205824K, used 164062K [0x0000000080000000, 0x0000000100000000)
  region size 1024K, 56 young (57344K), 9 survivors (9216K)
 Metaspace       used 105285K, committed 106048K, reserved 1179648K
  class space    used 14738K, committed 15104K, reserved 1048576K
}
Event: 20.204 GC heap after
{Heap after GC invocations=40 (full 0):
 garbage-first heap   total 319488K, used 126172K [0x0000000080000000, 0x0000000100000000)
  region size 1024K, 7 young (7168K), 7 survivors (7168K)
 Metaspace       used 105285K, committed 106048K, reserved 1179648K
  class space    used 14738K, committed 15104K, reserved 1048576K
}
Event: 20.760 GC heap before
{Heap before GC invocations=40 (full 0):
 garbage-first heap   total 319488K, used 239836K [0x0000000080000000, 0x0000000100000000)
  region size 1024K, 119 young (121856K), 7 survivors (7168K)
 Metaspace       used 108484K, committed 109248K, reserved 1179648K
  class space    used 15305K, committed 15680K, reserved 1048576K
}
Event: 20.797 GC heap after
{Heap after GC invocations=41 (full 0):
 garbage-first heap   total 319488K, used 146395K [0x0000000080000000, 0x0000000100000000)
  region size 1024K, 15 young (15360K), 15 survivors (15360K)
 Metaspace       used 108484K, committed 109248K, reserved 1179648K
  class space    used 15305K, committed 15680K, reserved 1048576K
}
Event: 21.486 GC heap before
{Heap before GC invocations=41 (full 0):
 garbage-first heap   total 319488K, used 243675K [0x0000000080000000, 0x0000000100000000)
  region size 1024K, 111 young (113664K), 15 survivors (15360K)
 Metaspace       used 112100K, committed 112896K, reserved 1179648K
  class space    used 15933K, committed 16320K, reserved 1048576K
}
Event: 21.531 GC heap after
{Heap after GC invocations=42 (full 0):
 garbage-first heap   total 319488K, used 157667K [0x0000000080000000, 0x0000000100000000)
  region size 1024K, 10 young (10240K), 10 survivors (10240K)
 Metaspace       used 112100K, committed 112896K, reserved 1179648K
  class space    used 15933K, committed 16320K, reserved 1048576K
}
Event: 21.789 GC heap before
{Heap before GC invocations=42 (full 0):
 garbage-first heap   total 319488K, used 177123K [0x0000000080000000, 0x0000000100000000)
  region size 1024K, 30 young (30720K), 10 survivors (10240K)
 Metaspace       used 112463K, committed 113216K, reserved 1179648K
  class space    used 15980K, committed 16320K, reserved 1048576K
}
Event: 21.806 GC heap after
{Heap after GC invocations=43 (full 0):
 garbage-first heap   total 319488K, used 159726K [0x0000000080000000, 0x0000000100000000)
  region size 1024K, 2 young (2048K), 2 survivors (2048K)
 Metaspace       used 112463K, committed 113216K, reserved 1179648K
  class space    used 15980K, committed 16320K, reserved 1048576K
}
Event: 22.976 GC heap before
{Heap before GC invocations=44 (full 0):
 garbage-first heap   total 319488K, used 254958K [0x0000000080000000, 0x0000000100000000)
  region size 1024K, 96 young (98304K), 2 survivors (2048K)
 Metaspace       used 113740K, committed 114496K, reserved 1179648K
  class space    used 16133K, committed 16512K, reserved 1048576K
}
Event: 22.982 GC heap after
{Heap after GC invocations=45 (full 0):
 garbage-first heap   total 319488K, used 158990K [0x0000000080000000, 0x0000000100000000)
  region size 1024K, 2 young (2048K), 2 survivors (2048K)
 Metaspace       used 113740K, committed 114496K, reserved 1179648K
  class space    used 16133K, committed 16512K, reserved 1048576K
}
Event: 23.047 GC heap before
{Heap before GC invocations=45 (full 0):
 garbage-first heap   total 319488K, used 172302K [0x0000000080000000, 0x0000000100000000)
  region size 1024K, 15 young (15360K), 2 survivors (2048K)
 Metaspace       used 113797K, committed 114560K, reserved 1179648K
  class space    used 16138K, committed 16512K, reserved 1048576K
}
Event: 23.054 GC heap after
{Heap after GC invocations=46 (full 0):
 garbage-first heap   total 319488K, used 156783K [0x0000000080000000, 0x0000000100000000)
  region size 1024K, 2 young (2048K), 2 survivors (2048K)
 Metaspace       used 113797K, committed 114560K, reserved 1179648K
  class space    used 16138K, committed 16512K, reserved 1048576K
}
Event: 23.675 GC heap before
{Heap before GC invocations=46 (full 0):
 garbage-first heap   total 319488K, used 259183K [0x0000000080000000, 0x0000000100000000)
  region size 1024K, 103 young (105472K), 2 survivors (2048K)
 Metaspace       used 114543K, committed 115328K, reserved 1179648K
  class space    used 16248K, committed 16640K, reserved 1048576K
}

