# JRE version: OpenJDK Runtime Environment (17.0.11) (build 17.0.11+0--11852314)
# Java VM: OpenJDK 64-Bit Server VM (17.0.11+0--11852314, mixed mode, tiered, compressed oops, compressed class ptrs, g1 gc, windows-amd64)
GC Precious Log:
 CPUs: 8 total, 8 available
 Memory: 8101M
 Large Page Support: Disabled
 NUMA Support: Disabled
 Compressed Oops: Enabled (32-bit)
 Heap Region Size: 1M
 Heap Min Capacity: 8M
 Heap Initial Capacity: 128M
 Heap Max Capacity: 2G
 Pre-touch: Disabled
 Parallel Workers: 8
 Concurrent Workers: 2
 Concurrent Refinement Workers: 8
 Periodic GC: Disabled
Heap:
 garbage-first heap   total 265216K, used 146094K [0x0000000080000000, 0x0000000100000000)
  region size 1024K, 11 young (11264K), 11 survivors (11264K)
 Metaspace       used 107245K, committed 107968K, reserved 1179648K
  class space    used 15036K, committed 15424K, reserved 1048576K
GC Heap History (20 events):
Event: 10.866 GC heap after
{Heap after GC invocations=35 (full 0):
 garbage-first heap   total 121856K, used 66145K [0x0000000080000000, 0x0000000100000000)
  region size 1024K, 4 young (4096K), 4 survivors (4096K)
 Metaspace       used 76585K, committed 77184K, reserved 1179648K
  class space    used 10421K, committed 10688K, reserved 1048576K
}
Event: 11.443 GC heap before
{Heap before GC invocations=36 (full 0):
 garbage-first heap   total 121856K, used 98913K [0x0000000080000000, 0x0000000100000000)
  region size 1024K, 36 young (36864K), 4 survivors (4096K)
 Metaspace       used 78773K, committed 79360K, reserved 1179648K
  class space    used 10768K, committed 11072K, reserved 1048576K
}
Event: 11.449 GC heap after
{Heap after GC invocations=37 (full 0):
 garbage-first heap   total 121856K, used 67398K [0x0000000080000000, 0x0000000100000000)
  region size 1024K, 2 young (2048K), 2 survivors (2048K)
 Metaspace       used 78773K, committed 79360K, reserved 1179648K
  class space    used 10768K, committed 11072K, reserved 1048576K
}
Event: 11.498 GC heap before
{Heap before GC invocations=37 (full 0):
 garbage-first heap   total 121856K, used 70470K [0x0000000080000000, 0x0000000100000000)
  region size 1024K, 5 young (5120K), 2 survivors (2048K)
 Metaspace       used 78988K, committed 79616K, reserved 1179648K
  class space    used 10813K, committed 11136K, reserved 1048576K
}
Event: 11.503 GC heap after
{Heap after GC invocations=38 (full 0):
 garbage-first heap   total 265216K, used 66911K [0x0000000080000000, 0x0000000100000000)
  region size 1024K, 1 young (1024K), 1 survivors (1024K)
 Metaspace       used 78988K, committed 79616K, reserved 1179648K
  class space    used 10813K, committed 11136K, reserved 1048576K
}
Event: 14.123 GC heap before
{Heap before GC invocations=38 (full 0):
 garbage-first heap   total 265216K, used 202079K [0x0000000080000000, 0x0000000100000000)
  region size 1024K, 133 young (136192K), 1 survivors (1024K)
 Metaspace       used 90160K, committed 90880K, reserved 1179648K
  class space    used 12566K, committed 12928K, reserved 1048576K
}
Event: 14.134 GC heap after
{Heap after GC invocations=39 (full 0):
 garbage-first heap   total 265216K, used 72922K [0x0000000080000000, 0x0000000100000000)
  region size 1024K, 7 young (7168K), 7 survivors (7168K)
 Metaspace       used 90160K, committed 90880K, reserved 1179648K
  class space    used 12566K, committed 12928K, reserved 1048576K
}
Event: 15.763 GC heap before
{Heap before GC invocations=39 (full 0):
 garbage-first heap   total 265216K, used 207066K [0x0000000080000000, 0x0000000100000000)
  region size 1024K, 139 young (142336K), 7 survivors (7168K)
 Metaspace       used 94318K, committed 95040K, reserved 1179648K
  class space    used 13199K, committed 13568K, reserved 1048576K
}
Event: 15.775 GC heap after
{Heap after GC invocations=40 (full 0):
 garbage-first heap   total 265216K, used 82646K [0x0000000080000000, 0x0000000100000000)
  region size 1024K, 16 young (16384K), 16 survivors (16384K)
 Metaspace       used 94318K, committed 95040K, reserved 1179648K
  class space    used 13199K, committed 13568K, reserved 1048576K
}
Event: 15.922 GC heap before
{Heap before GC invocations=40 (full 0):
 garbage-first heap   total 265216K, used 107222K [0x0000000080000000, 0x0000000100000000)
  region size 1024K, 39 young (39936K), 16 survivors (16384K)
 Metaspace       used 94606K, committed 95360K, reserved 1179648K
  class space    used 13232K, committed 13632K, reserved 1048576K
}
Event: 15.934 GC heap after
{Heap after GC invocations=41 (full 0):
 garbage-first heap   total 265216K, used 86635K [0x0000000080000000, 0x0000000100000000)
  region size 1024K, 5 young (5120K), 5 survivors (5120K)
 Metaspace       used 94606K, committed 95360K, reserved 1179648K
  class space    used 13232K, committed 13632K, reserved 1048576K
}
Event: 16.617 GC heap before
{Heap before GC invocations=42 (full 0):
 garbage-first heap   total 265216K, used 214635K [0x0000000080000000, 0x0000000100000000)
  region size 1024K, 128 young (131072K), 5 survivors (5120K)
 Metaspace       used 98660K, committed 99392K, reserved 1179648K
  class space    used 13714K, committed 14080K, reserved 1048576K
}
Event: 16.624 GC heap after
{Heap after GC invocations=43 (full 0):
 garbage-first heap   total 265216K, used 98437K [0x0000000080000000, 0x0000000100000000)
  region size 1024K, 16 young (16384K), 16 survivors (16384K)
 Metaspace       used 98660K, committed 99392K, reserved 1179648K
  class space    used 13714K, committed 14080K, reserved 1048576K
}
Event: 16.630 GC heap before
{Heap before GC invocations=43 (full 0):
 garbage-first heap   total 265216K, used 99461K [0x0000000080000000, 0x0000000100000000)
  region size 1024K, 17 young (17408K), 16 survivors (16384K)
 Metaspace       used 98693K, committed 99392K, reserved 1179648K
  class space    used 13719K, committed 14080K, reserved 1048576K
}
Event: 16.638 GC heap after
{Heap after GC invocations=44 (full 0):
 garbage-first heap   total 265216K, used 99355K [0x0000000080000000, 0x0000000100000000)
  region size 1024K, 2 young (2048K), 2 survivors (2048K)
 Metaspace       used 98693K, committed 99392K, reserved 1179648K
  class space    used 13719K, committed 14080K, reserved 1048576K
}
Event: 17.095 GC heap before
{Heap before GC invocations=44 (full 0):
 garbage-first heap   total 265216K, used 208923K [0x0000000080000000, 0x0000000100000000)
  region size 1024K, 110 young (112640K), 2 survivors (2048K)
 Metaspace       used 103084K, committed 103872K, reserved 1179648K
  class space    used 14382K, committed 14784K, reserved 1048576K
}
Event: 17.114 GC heap after
{Heap after GC invocations=45 (full 0):
 garbage-first heap   total 265216K, used 115972K [0x0000000080000000, 0x0000000100000000)
  region size 1024K, 14 young (14336K), 14 survivors (14336K)
 Metaspace       used 103084K, committed 103872K, reserved 1179648K
  class space    used 14382K, committed 14784K, reserved 1048576K
}
Event: 17.406 GC heap before
{Heap before GC invocations=45 (full 0):
 garbage-first heap   total 265216K, used 206084K [0x0000000080000000, 0x0000000100000000)
  region size 1024K, 102 young (104448K), 14 survivors (14336K)
 Metaspace       used 105505K, committed 106304K, reserved 1179648K
  class space    used 14706K, committed 15104K, reserved 1048576K
}
Event: 17.427 GC heap after
{Heap after GC invocations=46 (full 0):
 garbage-first heap   total 265216K, used 131601K [0x0000000080000000, 0x0000000100000000)
  region size 1024K, 13 young (13312K), 13 survivors (13312K)
 Metaspace       used 105505K, committed 106304K, reserved 1179648K
  class space    used 14706K, committed 15104K, reserved 1048576K
}
Event: 17.609 GC heap before
{Heap before GC invocations=46 (full 0):
 garbage-first heap   total 265216K, used 207377K [0x0000000080000000, 0x0000000100000000)
  region size 1024K, 87 young (89088K), 13 survivors (13312K)
 Metaspace       used 107245K, committed 107968K, reserved 1179648K
  class space    used 15036K, committed 15424K, reserved 1048576K
}

