# JRE version: OpenJDK Runtime Environment (17.0.11) (build 17.0.11+0--11852314)
# Java VM: OpenJDK 64-Bit Server VM (17.0.11+0--11852314, mixed mode, tiered, compressed oops, compressed class ptrs, g1 gc, windows-amd64)
GC Precious Log:
 CPUs: 8 total, 8 available
 Memory: 8101M
 Large Page Support: Disabled
 NUMA Support: Disabled
 Compressed Oops: Enabled (32-bit)
 Heap Region Size: 1M
 Heap Min Capacity: 8M
 Heap Initial Capacity: 128M
 Heap Max Capacity: 2G
 Pre-touch: Disabled
 Parallel Workers: 8
 Concurrent Workers: 2
 Concurrent Refinement Workers: 8
 Periodic GC: Disabled
Heap:
 garbage-first heap   total 353280K, used 173186K [0x0000000080000000, 0x0000000100000000)
  region size 1024K, 7 young (7168K), 7 survivors (7168K)
 Metaspace       used 142481K, committed 143552K, reserved 1179648K
  class space    used 19503K, committed 20032K, reserved 1048576K
GC Heap History (20 events):
Event: 33.686 GC heap after
{Heap after GC invocations=59 (full 0):
 garbage-first heap   total 353280K, used 261697K [0x0000000080000000, 0x0000000100000000)
  region size 1024K, 2 young (2048K), 2 survivors (2048K)
 Metaspace       used 130237K, committed 131072K, reserved 1179648K
  class space    used 17949K, committed 18368K, reserved 1048576K
}
Event: 33.712 GC heap before
{Heap before GC invocations=59 (full 0):
 garbage-first heap   total 353280K, used 276033K [0x0000000080000000, 0x0000000100000000)
  region size 1024K, 3 young (3072K), 2 survivors (2048K)
 Metaspace       used 130240K, committed 131072K, reserved 1179648K
  class space    used 17950K, committed 18368K, reserved 1048576K
}
Event: 33.716 GC heap after
{Heap after GC invocations=60 (full 0):
 garbage-first heap   total 353280K, used 269826K [0x0000000080000000, 0x0000000100000000)
  region size 1024K, 2 young (2048K), 2 survivors (2048K)
 Metaspace       used 130240K, committed 131072K, reserved 1179648K
  class space    used 17950K, committed 18368K, reserved 1048576K
}
Event: 75.918 GC heap before
{Heap before GC invocations=60 (full 0):
 garbage-first heap   total 353280K, used 311810K [0x0000000080000000, 0x0000000100000000)
  region size 1024K, 41 young (41984K), 2 survivors (2048K)
 Metaspace       used 132380K, committed 133248K, reserved 1179648K
  class space    used 18230K, committed 18624K, reserved 1048576K
}
Event: 75.923 GC heap after
{Heap after GC invocations=61 (full 0):
 garbage-first heap   total 353280K, used 257503K [0x0000000080000000, 0x0000000100000000)
  region size 1024K, 4 young (4096K), 4 survivors (4096K)
 Metaspace       used 132380K, committed 133248K, reserved 1179648K
  class space    used 18230K, committed 18624K, reserved 1048576K
}
Event: 76.805 GC heap before
{Heap before GC invocations=61 (full 0):
 garbage-first heap   total 353280K, used 306655K [0x0000000080000000, 0x0000000100000000)
  region size 1024K, 53 young (54272K), 4 survivors (4096K)
 Metaspace       used 132915K, committed 133760K, reserved 1179648K
  class space    used 18254K, committed 18688K, reserved 1048576K
}
Event: 76.819 GC heap after
{Heap after GC invocations=62 (full 0):
 garbage-first heap   total 353280K, used 263153K [0x0000000080000000, 0x0000000100000000)
  region size 1024K, 7 young (7168K), 7 survivors (7168K)
 Metaspace       used 132915K, committed 133760K, reserved 1179648K
  class space    used 18254K, committed 18688K, reserved 1048576K
}
Event: 254.782 GC heap before
{Heap before GC invocations=63 (full 0):
 garbage-first heap   total 353280K, used 238577K [0x0000000080000000, 0x0000000100000000)
  region size 1024K, 49 young (50176K), 7 survivors (7168K)
 Metaspace       used 135956K, committed 136896K, reserved 1179648K
  class space    used 18632K, committed 19072K, reserved 1048576K
}
Event: 254.796 GC heap after
{Heap after GC invocations=64 (full 0):
 garbage-first heap   total 353280K, used 198098K [0x0000000080000000, 0x0000000100000000)
  region size 1024K, 7 young (7168K), 7 survivors (7168K)
 Metaspace       used 135956K, committed 136896K, reserved 1179648K
  class space    used 18632K, committed 19072K, reserved 1048576K
}
Event: 254.942 GC heap before
{Heap before GC invocations=64 (full 0):
 garbage-first heap   total 353280K, used 220626K [0x0000000080000000, 0x0000000100000000)
  region size 1024K, 17 young (17408K), 7 survivors (7168K)
 Metaspace       used 136199K, committed 137216K, reserved 1179648K
  class space    used 18666K, committed 19200K, reserved 1048576K
}
Event: 254.947 GC heap after
{Heap after GC invocations=65 (full 0):
 garbage-first heap   total 353280K, used 180454K [0x0000000080000000, 0x0000000100000000)
  region size 1024K, 3 young (3072K), 3 survivors (3072K)
 Metaspace       used 136199K, committed 137216K, reserved 1179648K
  class space    used 18666K, committed 19200K, reserved 1048576K
}
Event: 255.082 GC heap before
{Heap before GC invocations=65 (full 0):
 garbage-first heap   total 353280K, used 193766K [0x0000000080000000, 0x0000000100000000)
  region size 1024K, 17 young (17408K), 3 survivors (3072K)
 Metaspace       used 136955K, committed 138048K, reserved 1179648K
  class space    used 18758K, committed 19264K, reserved 1048576K
}
Event: 255.088 GC heap after
{Heap after GC invocations=66 (full 0):
 garbage-first heap   total 353280K, used 164574K [0x0000000080000000, 0x0000000100000000)
  region size 1024K, 1 young (1024K), 1 survivors (1024K)
 Metaspace       used 136955K, committed 138048K, reserved 1179648K
  class space    used 18758K, committed 19264K, reserved 1048576K
}
Event: 255.547 GC heap before
{Heap before GC invocations=66 (full 0):
 garbage-first heap   total 353280K, used 209630K [0x0000000080000000, 0x0000000100000000)
  region size 1024K, 46 young (47104K), 1 survivors (1024K)
 Metaspace       used 138368K, committed 139392K, reserved 1179648K
  class space    used 18946K, committed 19456K, reserved 1048576K
}
Event: 255.552 GC heap after
{Heap after GC invocations=67 (full 0):
 garbage-first heap   total 353280K, used 169772K [0x0000000080000000, 0x0000000100000000)
  region size 1024K, 7 young (7168K), 7 survivors (7168K)
 Metaspace       used 138368K, committed 139392K, reserved 1179648K
  class space    used 18946K, committed 19456K, reserved 1048576K
}
Event: 256.960 GC heap before
{Heap before GC invocations=68 (full 0):
 garbage-first heap   total 353280K, used 292652K [0x0000000080000000, 0x0000000100000000)
  region size 1024K, 121 young (123904K), 7 survivors (7168K)
 Metaspace       used 142476K, committed 143552K, reserved 1179648K
  class space    used 19503K, committed 20032K, reserved 1048576K
}
Event: 256.970 GC heap after
{Heap after GC invocations=69 (full 0):
 garbage-first heap   total 353280K, used 187537K [0x0000000080000000, 0x0000000100000000)
  region size 1024K, 16 young (16384K), 16 survivors (16384K)
 Metaspace       used 142476K, committed 143552K, reserved 1179648K
  class space    used 19503K, committed 20032K, reserved 1048576K
}
Event: 256.980 GC heap before
{Heap before GC invocations=69 (full 0):
 garbage-first heap   total 353280K, used 188561K [0x0000000080000000, 0x0000000100000000)
  region size 1024K, 17 young (17408K), 16 survivors (16384K)
 Metaspace       used 142476K, committed 143552K, reserved 1179648K
  class space    used 19503K, committed 20032K, reserved 1048576K
}
Event: 256.995 GC heap after
{Heap after GC invocations=70 (full 0):
 garbage-first heap   total 353280K, used 168196K [0x0000000080000000, 0x0000000100000000)
  region size 1024K, 2 young (2048K), 2 survivors (2048K)
 Metaspace       used 142476K, committed 143552K, reserved 1179648K
  class space    used 19503K, committed 20032K, reserved 1048576K
}
Event: 258.153 GC heap before
{Heap before GC invocations=70 (full 0):
 garbage-first heap   total 353280K, used 284932K [0x0000000080000000, 0x0000000100000000)
  region size 1024K, 116 young (118784K), 2 survivors (2048K)
 Metaspace       used 142481K, committed 143552K, reserved 1179648K
  class space    used 19503K, committed 20032K, reserved 1048576K
}

