# JRE version: OpenJDK Runtime Environment (17.0.11) (build 17.0.11+0--11852314)
# Java VM: OpenJDK 64-Bit Server VM (17.0.11+0--11852314, mixed mode, tiered, compressed oops, compressed class ptrs, g1 gc, windows-amd64)
GC Precious Log:
 CPUs: 8 total, 8 available
 Memory: 8101M
 Large Page Support: Disabled
 NUMA Support: Disabled
 Compressed Oops: Enabled (32-bit)
 Heap Region Size: 1M
 Heap Min Capacity: 8M
 Heap Initial Capacity: 128M
 Heap Max Capacity: 2G
 Pre-touch: Disabled
 Parallel Workers: 8
 Concurrent Workers: 2
 Concurrent Refinement Workers: 8
 Periodic GC: Disabled
Heap:
 garbage-first heap   total 239616K, used 225131K [0x0000000080000000, 0x0000000100000000)
  region size 1024K, 7 young (7168K), 1 survivors (1024K)
 Metaspace       used 124728K, committed 125760K, reserved 1179648K
  class space    used 16720K, committed 17216K, reserved 1048576K
GC Heap History (20 events):
Event: 1010.182 GC heap before
{Heap before GC invocations=66 (full 0):
 garbage-first heap   total 239616K, used 206632K [0x0000000080000000, 0x0000000100000000)
  region size 1024K, 36 young (36864K), 2 survivors (2048K)
 Metaspace       used 118594K, committed 119616K, reserved 1179648K
  class space    used 15922K, committed 16448K, reserved 1048576K
}
Event: 1010.187 GC heap after
{Heap after GC invocations=67 (full 0):
 garbage-first heap   total 239616K, used 175539K [0x0000000080000000, 0x0000000100000000)
  region size 1024K, 5 young (5120K), 5 survivors (5120K)
 Metaspace       used 118594K, committed 119616K, reserved 1179648K
  class space    used 15922K, committed 16448K, reserved 1048576K
}
Event: 1010.578 GC heap before
{Heap before GC invocations=67 (full 0):
 garbage-first heap   total 239616K, used 205235K [0x0000000080000000, 0x0000000100000000)
  region size 1024K, 35 young (35840K), 5 survivors (5120K)
 Metaspace       used 119991K, committed 121024K, reserved 1179648K
  class space    used 16125K, committed 16640K, reserved 1048576K
}
Event: 1010.585 GC heap after
{Heap after GC invocations=68 (full 0):
 garbage-first heap   total 239616K, used 178722K [0x0000000080000000, 0x0000000100000000)
  region size 1024K, 4 young (4096K), 4 survivors (4096K)
 Metaspace       used 119991K, committed 121024K, reserved 1179648K
  class space    used 16125K, committed 16640K, reserved 1048576K
}
Event: 1010.855 GC heap before
{Heap before GC invocations=68 (full 0):
 garbage-first heap   total 239616K, used 205346K [0x0000000080000000, 0x0000000100000000)
  region size 1024K, 31 young (31744K), 4 survivors (4096K)
 Metaspace       used 121388K, committed 122432K, reserved 1179648K
  class space    used 16333K, committed 16896K, reserved 1048576K
}
Event: 1010.862 GC heap after
{Heap after GC invocations=69 (full 0):
 garbage-first heap   total 239616K, used 181350K [0x0000000080000000, 0x0000000100000000)
  region size 1024K, 3 young (3072K), 3 survivors (3072K)
 Metaspace       used 121388K, committed 122432K, reserved 1179648K
  class space    used 16333K, committed 16896K, reserved 1048576K
}
Event: 1011.248 GC heap before
{Heap before GC invocations=69 (full 0):
 garbage-first heap   total 239616K, used 205926K [0x0000000080000000, 0x0000000100000000)
  region size 1024K, 28 young (28672K), 3 survivors (3072K)
 Metaspace       used 122222K, committed 123328K, reserved 1179648K
  class space    used 16480K, committed 17024K, reserved 1048576K
}
Event: 1011.253 GC heap after
{Heap after GC invocations=70 (full 0):
 garbage-first heap   total 239616K, used 183485K [0x0000000080000000, 0x0000000100000000)
  region size 1024K, 3 young (3072K), 3 survivors (3072K)
 Metaspace       used 122222K, committed 123328K, reserved 1179648K
  class space    used 16480K, committed 17024K, reserved 1048576K
}
Event: 1011.706 GC heap before
{Heap before GC invocations=70 (full 0):
 garbage-first heap   total 239616K, used 207037K [0x0000000080000000, 0x0000000100000000)
  region size 1024K, 27 young (27648K), 3 survivors (3072K)
 Metaspace       used 123554K, committed 124672K, reserved 1179648K
  class space    used 16635K, committed 17152K, reserved 1048576K
}
Event: 1011.710 GC heap after
{Heap after GC invocations=71 (full 0):
 garbage-first heap   total 239616K, used 184732K [0x0000000080000000, 0x0000000100000000)
  region size 1024K, 4 young (4096K), 4 survivors (4096K)
 Metaspace       used 123554K, committed 124672K, reserved 1179648K
  class space    used 16635K, committed 17152K, reserved 1048576K
}
Event: 1012.356 GC heap before
{Heap before GC invocations=71 (full 0):
 garbage-first heap   total 239616K, used 207260K [0x0000000080000000, 0x0000000100000000)
  region size 1024K, 27 young (27648K), 4 survivors (4096K)
 Metaspace       used 124208K, committed 125312K, reserved 1179648K
  class space    used 16683K, committed 17216K, reserved 1048576K
}
Event: 1012.361 GC heap after
{Heap after GC invocations=72 (full 0):
 garbage-first heap   total 239616K, used 190195K [0x0000000080000000, 0x0000000100000000)
  region size 1024K, 4 young (4096K), 4 survivors (4096K)
 Metaspace       used 124208K, committed 125312K, reserved 1179648K
  class space    used 16683K, committed 17216K, reserved 1048576K
}
Event: 1012.581 GC heap before
{Heap before GC invocations=72 (full 0):
 garbage-first heap   total 239616K, used 214771K [0x0000000080000000, 0x0000000100000000)
  region size 1024K, 20 young (20480K), 4 survivors (4096K)
 Metaspace       used 124246K, committed 125376K, reserved 1179648K
  class space    used 16683K, committed 17216K, reserved 1048576K
}
Event: 1012.589 GC heap after
{Heap after GC invocations=73 (full 0):
 garbage-first heap   total 239616K, used 202599K [0x0000000080000000, 0x0000000100000000)
  region size 1024K, 3 young (3072K), 3 survivors (3072K)
 Metaspace       used 124246K, committed 125376K, reserved 1179648K
  class space    used 16683K, committed 17216K, reserved 1048576K
}
Event: 1012.700 GC heap before
{Heap before GC invocations=73 (full 0):
 garbage-first heap   total 239616K, used 210791K [0x0000000080000000, 0x0000000100000000)
  region size 1024K, 11 young (11264K), 3 survivors (3072K)
 Metaspace       used 124304K, committed 125376K, reserved 1179648K
  class space    used 16683K, committed 17216K, reserved 1048576K
}
Event: 1012.705 GC heap after
{Heap after GC invocations=74 (full 0):
 garbage-first heap   total 239616K, used 206880K [0x0000000080000000, 0x0000000100000000)
  region size 1024K, 2 young (2048K), 2 survivors (2048K)
 Metaspace       used 124304K, committed 125376K, reserved 1179648K
  class space    used 16683K, committed 17216K, reserved 1048576K
}
Event: 1012.823 GC heap before
{Heap before GC invocations=74 (full 0):
 garbage-first heap   total 239616K, used 216096K [0x0000000080000000, 0x0000000100000000)
  region size 1024K, 11 young (11264K), 2 survivors (2048K)
 Metaspace       used 124342K, committed 125440K, reserved 1179648K
  class space    used 16689K, committed 17216K, reserved 1048576K
}
Event: 1012.826 GC heap after
{Heap after GC invocations=75 (full 0):
 garbage-first heap   total 239616K, used 210944K [0x0000000080000000, 0x0000000100000000)
  region size 1024K, 2 young (2048K), 2 survivors (2048K)
 Metaspace       used 124342K, committed 125440K, reserved 1179648K
  class space    used 16689K, committed 17216K, reserved 1048576K
}
Event: 1012.917 GC heap before
{Heap before GC invocations=75 (full 0):
 garbage-first heap   total 239616K, used 220160K [0x0000000080000000, 0x0000000100000000)
  region size 1024K, 11 young (11264K), 2 survivors (2048K)
 Metaspace       used 124599K, committed 125632K, reserved 1179648K
  class space    used 16713K, committed 17216K, reserved 1048576K
}
Event: 1012.920 GC heap after
{Heap after GC invocations=76 (full 0):
 garbage-first heap   total 239616K, used 211819K [0x0000000080000000, 0x0000000100000000)
  region size 1024K, 1 young (1024K), 1 survivors (1024K)
 Metaspace       used 124599K, committed 125632K, reserved 1179648K
  class space    used 16713K, committed 17216K, reserved 1048576K
}

